[09:01:16] [main/INFO]: Environment: authHost='https://authserver.mojang.com', accountsHost='https://api.mojang.com', sessionHost='https://sessionserver.mojang.com', servicesHost='https://api.minecraftservices.com', name='PROD'
[09:01:17] [main/INFO]: Found new data pack file/bukkit, loading it automatically
[09:01:18] [main/INFO]: Reloading ResourceManager: Default, bukkit
[09:01:21] [Worker-Main-4/INFO]: Loaded 7 recipes
[09:01:27] [Server thread/INFO]: Starting minecraft server version 1.17.1
[09:01:27] [Server thread/INFO]: Loading properties
[09:01:28] [Server thread/INFO]: This server is running CraftBukkit version 3226-Spigot-3c1fc60-a955f15 (MC: 1.17.1) (Implementing API version 1.17.1-R0.1-SNAPSHOT)
[09:01:29] [Server thread/INFO]: Debug logging is disabled
[09:01:29] [Server thread/INFO]: Server Ping Player Sample Count: 12
[09:01:29] [Server thread/INFO]: Using 4 threads for Netty based IO
[09:01:29] [Server thread/INFO]: Default game type: SURVIVAL
[09:01:29] [Server thread/INFO]: Generating keypair
[09:01:29] [Server thread/INFO]: Starting Minecraft server on *:25565
[09:01:30] [Server thread/INFO]: Using default channel type
[09:01:32] [Server thread/INFO]: Preparing level "world"
[09:01:32] [Server thread/INFO]: -------- World Settings For [world] --------
[09:01:33] [Server thread/INFO]: Mob Spawn Range: 6
[09:01:33] [Server thread/INFO]: Cactus Growth Modifier: 100%
[09:01:33] [Server thread/INFO]: Cane Growth Modifier: 100%
[09:01:33] [Server thread/INFO]: Melon Growth Modifier: 100%
[09:01:33] [Server thread/INFO]: Mushroom Growth Modifier: 100%
[09:01:33] [Server thread/INFO]: Pumpkin Growth Modifier: 100%
[09:01:33] [Server thread/INFO]: Sapling Growth Modifier: 100%
[09:01:33] [Server thread/INFO]: Beetroot Growth Modifier: 100%
[09:01:33] [Server thread/INFO]: Carrot Growth Modifier: 100%
[09:01:33] [Server thread/INFO]: Potato Growth Modifier: 100%
[09:01:33] [Server thread/INFO]: Wheat Growth Modifier: 100%
[09:01:33] [Server thread/INFO]: NetherWart Growth Modifier: 100%
[09:01:33] [Server thread/INFO]: Vine Growth Modifier: 100%
[09:01:33] [Server thread/INFO]: Cocoa Growth Modifier: 100%
[09:01:33] [Server thread/INFO]: Bamboo Growth Modifier: 100%
[09:01:33] [Server thread/INFO]: SweetBerry Growth Modifier: 100%
[09:01:33] [Server thread/INFO]: Kelp Growth Modifier: 100%
[09:01:33] [Server thread/INFO]: Experience Merge Radius: 3.0
[09:01:33] [Server thread/INFO]: Entity Activation Range: An 32 / Mo 32 / Ra 48 / Mi 16 / Tiv true
[09:01:33] [Server thread/INFO]: Hopper Transfer: 8 Hopper Check: 1 Hopper Amount: 1
[09:01:33] [Server thread/INFO]: Custom Map Seeds:  Village: 10387312 Desert: 14357617 Igloo: 14357618 Jungle: 14357619 Swamp: 14357620 Monument: 10387313 Ocean: 14357621 Shipwreck: 165745295 End City: 10387313 Slime: 987234911 Bastion: 30084232 Fortress: 30084232 Mansion: 10387319 Fossil: 14357921 Portal: 34222645
[09:01:33] [Server thread/INFO]: Max TNT Explosions: 100
[09:01:33] [Server thread/INFO]: Tile Max Tick Time: 50ms Entity max Tick Time: 50ms
[09:01:33] [Server thread/INFO]: Zombie Aggressive Towards Villager: true
[09:01:33] [Server thread/INFO]: Item Despawn Rate: 6000
[09:01:33] [Server thread/INFO]: Item Merge Radius: 2.5
[09:01:33] [Server thread/INFO]: View Distance: 10
[09:01:33] [Server thread/INFO]: Allow Zombie Pigmen to spawn from portal blocks: true
[09:01:33] [Server thread/INFO]: Entity Tracking Range: Pl 48 / An 48 / Mo 48 / Mi 32 / Other 64
[09:01:33] [Server thread/INFO]: Arrow Despawn Rate: 1200 Trident Respawn Rate:1200
[09:01:33] [Server thread/INFO]: Nerfing mobs spawned from spawners: false
[09:02:18] [Server thread/INFO]: -------- World Settings For [world_nether] --------
[09:02:18] [Server thread/INFO]: Mob Spawn Range: 6
[09:02:18] [Server thread/INFO]: Cactus Growth Modifier: 100%
[09:02:18] [Server thread/INFO]: Cane Growth Modifier: 100%
[09:02:18] [Server thread/INFO]: Melon Growth Modifier: 100%
[09:02:18] [Server thread/INFO]: Mushroom Growth Modifier: 100%
[09:02:18] [Server thread/INFO]: Pumpkin Growth Modifier: 100%
[09:02:18] [Server thread/INFO]: Sapling Growth Modifier: 100%
[09:02:18] [Server thread/INFO]: Beetroot Growth Modifier: 100%
[09:02:18] [Server thread/INFO]: Carrot Growth Modifier: 100%
[09:02:18] [Server thread/INFO]: Potato Growth Modifier: 100%
[09:02:18] [Server thread/INFO]: Wheat Growth Modifier: 100%
[09:02:18] [Server thread/INFO]: NetherWart Growth Modifier: 100%
[09:02:18] [Server thread/INFO]: Vine Growth Modifier: 100%
[09:02:18] [Server thread/INFO]: Cocoa Growth Modifier: 100%
[09:02:18] [Server thread/INFO]: Bamboo Growth Modifier: 100%
[09:02:18] [Server thread/INFO]: SweetBerry Growth Modifier: 100%
[09:02:18] [Server thread/INFO]: Kelp Growth Modifier: 100%
[09:02:18] [Server thread/INFO]: Experience Merge Radius: 3.0
[09:02:18] [Server thread/INFO]: Entity Activation Range: An 32 / Mo 32 / Ra 48 / Mi 16 / Tiv true
[09:02:18] [Server thread/INFO]: Hopper Transfer: 8 Hopper Check: 1 Hopper Amount: 1
[09:02:18] [Server thread/INFO]: Custom Map Seeds:  Village: 10387312 Desert: 14357617 Igloo: 14357618 Jungle: 14357619 Swamp: 14357620 Monument: 10387313 Ocean: 14357621 Shipwreck: 165745295 End City: 10387313 Slime: 987234911 Bastion: 30084232 Fortress: 30084232 Mansion: 10387319 Fossil: 14357921 Portal: 34222645
[09:02:18] [Server thread/INFO]: Max TNT Explosions: 100
[09:02:18] [Server thread/INFO]: Tile Max Tick Time: 50ms Entity max Tick Time: 50ms
[09:02:18] [Server thread/INFO]: Zombie Aggressive Towards Villager: true
[09:02:18] [Server thread/INFO]: Item Despawn Rate: 6000
[09:02:18] [Server thread/INFO]: Item Merge Radius: 2.5
[09:02:18] [Server thread/INFO]: View Distance: 10
[09:02:18] [Server thread/INFO]: Allow Zombie Pigmen to spawn from portal blocks: true
[09:02:18] [Server thread/INFO]: Entity Tracking Range: Pl 48 / An 48 / Mo 48 / Mi 32 / Other 64
[09:02:18] [Server thread/INFO]: Arrow Despawn Rate: 1200 Trident Respawn Rate:1200
[09:02:18] [Server thread/INFO]: Nerfing mobs spawned from spawners: false
[09:02:18] [Server thread/WARN]: Unable to find spawn biome
[09:02:22] [Server thread/INFO]: -------- World Settings For [world_the_end] --------
[09:02:22] [Server thread/INFO]: Mob Spawn Range: 6
[09:02:22] [Server thread/INFO]: Cactus Growth Modifier: 100%
[09:02:22] [Server thread/INFO]: Cane Growth Modifier: 100%
[09:02:22] [Server thread/INFO]: Melon Growth Modifier: 100%
[09:02:22] [Server thread/INFO]: Mushroom Growth Modifier: 100%
[09:02:22] [Server thread/INFO]: Pumpkin Growth Modifier: 100%
[09:02:22] [Server thread/INFO]: Sapling Growth Modifier: 100%
[09:02:22] [Server thread/INFO]: Beetroot Growth Modifier: 100%
[09:02:22] [Server thread/INFO]: Carrot Growth Modifier: 100%
[09:02:22] [Server thread/INFO]: Potato Growth Modifier: 100%
[09:02:22] [Server thread/INFO]: Wheat Growth Modifier: 100%
[09:02:22] [Server thread/INFO]: NetherWart Growth Modifier: 100%
[09:02:22] [Server thread/INFO]: Vine Growth Modifier: 100%
[09:02:22] [Server thread/INFO]: Cocoa Growth Modifier: 100%
[09:02:22] [Server thread/INFO]: Bamboo Growth Modifier: 100%
[09:02:22] [Server thread/INFO]: SweetBerry Growth Modifier: 100%
[09:02:22] [Server thread/INFO]: Kelp Growth Modifier: 100%
[09:02:22] [Server thread/INFO]: Experience Merge Radius: 3.0
[09:02:22] [Server thread/INFO]: Entity Activation Range: An 32 / Mo 32 / Ra 48 / Mi 16 / Tiv true
[09:02:22] [Server thread/INFO]: Hopper Transfer: 8 Hopper Check: 1 Hopper Amount: 1
[09:02:22] [Server thread/INFO]: Custom Map Seeds:  Village: 10387312 Desert: 14357617 Igloo: 14357618 Jungle: 14357619 Swamp: 14357620 Monument: 10387313 Ocean: 14357621 Shipwreck: 165745295 End City: 10387313 Slime: 987234911 Bastion: 30084232 Fortress: 30084232 Mansion: 10387319 Fossil: 14357921 Portal: 34222645
[09:02:22] [Server thread/INFO]: Max TNT Explosions: 100
[09:02:22] [Server thread/INFO]: Tile Max Tick Time: 50ms Entity max Tick Time: 50ms
[09:02:22] [Server thread/INFO]: Zombie Aggressive Towards Villager: true
[09:02:22] [Server thread/INFO]: Item Despawn Rate: 6000
[09:02:22] [Server thread/INFO]: Item Merge Radius: 2.5
[09:02:22] [Server thread/INFO]: View Distance: 10
[09:02:22] [Server thread/INFO]: Allow Zombie Pigmen to spawn from portal blocks: true
[09:02:22] [Server thread/INFO]: Entity Tracking Range: Pl 48 / An 48 / Mo 48 / Mi 32 / Other 64
[09:02:22] [Server thread/INFO]: Arrow Despawn Rate: 1200 Trident Respawn Rate:1200
[09:02:22] [Server thread/INFO]: Nerfing mobs spawned from spawners: false
[09:02:22] [Server thread/WARN]: Unable to find spawn biome
[09:02:23] [Server thread/INFO]: Preparing start region for dimension minecraft:overworld
[09:02:25] [Worker-Main-5/INFO]: Preparing spawn area: 0%
[09:02:25] [Worker-Main-5/INFO]: Preparing spawn area: 0%
[09:02:25] [Worker-Main-5/INFO]: Preparing spawn area: 0%
[09:02:25] [Worker-Main-6/INFO]: Preparing spawn area: 0%
[09:02:25] [Worker-Main-4/INFO]: Preparing spawn area: 0%
[09:02:26] [Worker-Main-4/INFO]: Preparing spawn area: 0%
[09:02:26] [Worker-Main-6/INFO]: Preparing spawn area: 0%
[09:02:27] [Worker-Main-6/INFO]: Preparing spawn area: 0%
[09:02:27] [Worker-Main-6/INFO]: Preparing spawn area: 1%
[09:02:28] [Worker-Main-6/INFO]: Preparing spawn area: 1%
[09:02:28] [Worker-Main-5/INFO]: Preparing spawn area: 1%
[09:02:29] [Worker-Main-5/INFO]: Preparing spawn area: 1%
[09:02:29] [Worker-Main-5/INFO]: Preparing spawn area: 1%
[09:02:30] [Worker-Main-6/INFO]: Preparing spawn area: 2%
[09:02:30] [Worker-Main-5/INFO]: Preparing spawn area: 2%
[09:02:31] [Worker-Main-5/INFO]: Preparing spawn area: 2%
[09:02:31] [Worker-Main-6/INFO]: Preparing spawn area: 2%
[09:02:32] [Worker-Main-4/INFO]: Preparing spawn area: 4%
[09:02:32] [Worker-Main-6/INFO]: Preparing spawn area: 4%
[09:02:33] [Worker-Main-4/INFO]: Preparing spawn area: 4%
[09:02:33] [Worker-Main-6/INFO]: Preparing spawn area: 4%
[09:02:34] [Worker-Main-4/INFO]: Preparing spawn area: 4%
[09:02:36] [Worker-Main-4/INFO]: Preparing spawn area: 4%
[09:02:36] [Worker-Main-4/INFO]: Preparing spawn area: 4%
[09:02:36] [Worker-Main-4/INFO]: Preparing spawn area: 4%
[09:02:36] [Worker-Main-4/INFO]: Preparing spawn area: 4%
[09:02:36] [Worker-Main-6/INFO]: Preparing spawn area: 4%
[09:02:39] [Worker-Main-6/INFO]: Preparing spawn area: 4%
[09:02:39] [Worker-Main-6/INFO]: Preparing spawn area: 4%
[09:02:39] [Worker-Main-6/INFO]: Preparing spawn area: 4%
[09:02:39] [Worker-Main-6/INFO]: Preparing spawn area: 4%
[09:02:39] [Worker-Main-6/INFO]: Preparing spawn area: 4%
[09:02:39] [Worker-Main-6/INFO]: Preparing spawn area: 4%
[09:02:40] [Worker-Main-5/INFO]: Preparing spawn area: 10%
[09:02:40] [Worker-Main-4/INFO]: Preparing spawn area: 10%
[09:02:41] [Worker-Main-5/INFO]: Preparing spawn area: 10%
[09:02:41] [Worker-Main-5/INFO]: Preparing spawn area: 10%
[09:02:42] [Worker-Main-5/INFO]: Preparing spawn area: 10%
[09:02:42] [Worker-Main-4/INFO]: Preparing spawn area: 10%
[09:02:43] [Worker-Main-5/INFO]: Preparing spawn area: 10%
[09:02:43] [Worker-Main-5/INFO]: Preparing spawn area: 10%
[09:02:44] [Worker-Main-4/INFO]: Preparing spawn area: 10%
[09:02:44] [Worker-Main-4/INFO]: Preparing spawn area: 10%
[09:02:45] [Worker-Main-5/INFO]: Preparing spawn area: 10%
[09:02:45] [Worker-Main-5/INFO]: Preparing spawn area: 23%
[09:02:46] [Worker-Main-5/INFO]: Preparing spawn area: 23%
[09:02:46] [Worker-Main-5/INFO]: Preparing spawn area: 23%
[09:02:47] [Worker-Main-5/INFO]: Preparing spawn area: 23%
[09:02:47] [Worker-Main-5/INFO]: Preparing spawn area: 23%
[09:02:48] [Worker-Main-6/INFO]: Preparing spawn area: 23%
[09:02:48] [Worker-Main-6/INFO]: Preparing spawn area: 23%
[09:02:49] [Worker-Main-6/INFO]: Preparing spawn area: 23%
[09:02:49] [Worker-Main-5/INFO]: Preparing spawn area: 23%
[09:02:50] [Worker-Main-5/INFO]: Preparing spawn area: 23%
[09:02:50] [Worker-Main-6/INFO]: Preparing spawn area: 23%
[09:02:51] [Worker-Main-6/INFO]: Preparing spawn area: 37%
[09:02:51] [Worker-Main-4/INFO]: Preparing spawn area: 37%
[09:02:52] [Worker-Main-6/INFO]: Preparing spawn area: 40%
[09:02:52] [Worker-Main-4/INFO]: Preparing spawn area: 40%
[09:02:53] [Worker-Main-6/INFO]: Preparing spawn area: 43%
[09:02:53] [Worker-Main-6/INFO]: Preparing spawn area: 43%
[09:02:54] [Worker-Main-4/INFO]: Preparing spawn area: 43%
[09:02:54] [Worker-Main-4/INFO]: Preparing spawn area: 43%
[09:02:55] [Worker-Main-6/INFO]: Preparing spawn area: 43%
[09:02:55] [Worker-Main-6/INFO]: Preparing spawn area: 43%
[09:02:56] [Worker-Main-6/INFO]: Preparing spawn area: 43%
[09:02:56] [Worker-Main-4/INFO]: Preparing spawn area: 43%
[09:02:57] [Worker-Main-6/INFO]: Preparing spawn area: 43%
[09:02:57] [Worker-Main-6/INFO]: Preparing spawn area: 43%
[09:02:58] [Worker-Main-6/INFO]: Preparing spawn area: 43%
[09:02:58] [Worker-Main-4/INFO]: Preparing spawn area: 43%
[09:02:59] [Worker-Main-6/INFO]: Preparing spawn area: 43%
[09:02:59] [Worker-Main-4/INFO]: Preparing spawn area: 43%
[09:03:00] [Worker-Main-6/INFO]: Preparing spawn area: 43%
[09:03:01] [Worker-Main-4/INFO]: Preparing spawn area: 67%
[09:03:04] [Worker-Main-4/INFO]: Preparing spawn area: 67%
[09:03:04] [Worker-Main-4/INFO]: Preparing spawn area: 67%
[09:03:04] [Worker-Main-4/INFO]: Preparing spawn area: 67%
[09:03:04] [Worker-Main-6/INFO]: Preparing spawn area: 67%
[09:03:04] [Worker-Main-4/INFO]: Preparing spawn area: 67%
[09:03:04] [Worker-Main-6/INFO]: Preparing spawn area: 67%
[09:03:04] [Worker-Main-4/INFO]: Preparing spawn area: 83%
[09:03:07] [Worker-Main-6/INFO]: Preparing spawn area: 83%
[09:03:07] [Worker-Main-6/INFO]: Preparing spawn area: 83%
[09:03:07] [Worker-Main-5/INFO]: Preparing spawn area: 83%
[09:03:07] [Worker-Main-5/INFO]: Preparing spawn area: 83%
[09:03:07] [Worker-Main-6/INFO]: Preparing spawn area: 83%
[09:03:07] [Worker-Main-6/INFO]: Preparing spawn area: 83%
[09:03:07] [Worker-Main-4/INFO]: Preparing spawn area: 83%
[09:03:08] [Server thread/INFO]: Time elapsed: 44186 ms
[09:03:08] [Server thread/INFO]: Preparing start region for dimension minecraft:the_nether
[09:03:08] [Worker-Main-6/INFO]: Preparing spawn area: 0%
[09:03:08] [Worker-Main-4/INFO]: Preparing spawn area: 0%
[09:03:09] [Worker-Main-6/INFO]: Preparing spawn area: 0%
[09:03:09] [Worker-Main-5/INFO]: Preparing spawn area: 1%
[09:03:10] [Worker-Main-4/INFO]: Preparing spawn area: 2%
[09:03:10] [Worker-Main-4/INFO]: Preparing spawn area: 3%
[09:03:11] [Worker-Main-6/INFO]: Preparing spawn area: 5%
[09:03:11] [Worker-Main-6/INFO]: Preparing spawn area: 6%
[09:03:12] [Worker-Main-6/INFO]: Preparing spawn area: 9%
[09:03:12] [Worker-Main-4/INFO]: Preparing spawn area: 9%
[09:03:13] [Worker-Main-4/INFO]: Preparing spawn area: 10%
[09:03:13] [Worker-Main-4/INFO]: Preparing spawn area: 12%
[09:03:14] [Worker-Main-6/INFO]: Preparing spawn area: 15%
[09:03:14] [Worker-Main-5/INFO]: Preparing spawn area: 16%
[09:03:15] [Worker-Main-5/INFO]: Preparing spawn area: 18%
[09:03:15] [Worker-Main-5/INFO]: Preparing spawn area: 18%
[09:03:16] [Worker-Main-6/INFO]: Preparing spawn area: 20%
[09:03:16] [Worker-Main-6/INFO]: Preparing spawn area: 20%
[09:03:17] [Worker-Main-6/INFO]: Preparing spawn area: 24%
[09:03:17] [Worker-Main-5/INFO]: Preparing spawn area: 24%
[09:03:18] [Worker-Main-5/INFO]: Preparing spawn area: 24%
[09:03:18] [Worker-Main-5/INFO]: Preparing spawn area: 24%
[09:03:19] [Worker-Main-6/INFO]: Preparing spawn area: 31%
[09:03:19] [Worker-Main-6/INFO]: Preparing spawn area: 32%
[09:03:20] [Worker-Main-5/INFO]: Preparing spawn area: 32%
[09:03:20] [Worker-Main-6/INFO]: Preparing spawn area: 32%
[09:03:21] [Worker-Main-6/INFO]: Preparing spawn area: 32%
[09:03:21] [Worker-Main-5/INFO]: Preparing spawn area: 32%
[09:03:22] [Worker-Main-5/INFO]: Preparing spawn area: 32%
[09:03:22] [Worker-Main-5/INFO]: Preparing spawn area: 42%
[09:03:23] [Worker-Main-6/INFO]: Preparing spawn area: 43%
[09:03:23] [Worker-Main-6/INFO]: Preparing spawn area: 43%
[09:03:24] [Worker-Main-5/INFO]: Preparing spawn area: 43%
[09:03:24] [Worker-Main-5/INFO]: Preparing spawn area: 43%
[09:03:25] [Worker-Main-6/INFO]: Preparing spawn area: 43%
[09:03:25] [Worker-Main-5/INFO]: Preparing spawn area: 54%
[09:03:26] [Worker-Main-5/INFO]: Preparing spawn area: 54%
[09:03:26] [Worker-Main-5/INFO]: Preparing spawn area: 56%
[09:03:27] [Worker-Main-6/INFO]: Preparing spawn area: 58%
[09:03:27] [Worker-Main-6/INFO]: Preparing spawn area: 58%
[09:03:28] [Worker-Main-6/INFO]: Preparing spawn area: 63%
[09:03:28] [Worker-Main-4/INFO]: Preparing spawn area: 64%
[09:03:29] [Worker-Main-4/INFO]: Preparing spawn area: 64%
[09:03:29] [Worker-Main-4/INFO]: Preparing spawn area: 68%
[09:03:30] [Worker-Main-4/INFO]: Preparing spawn area: 68%
[09:03:32] [Worker-Main-4/INFO]: Preparing spawn area: 71%
[09:03:32] [Worker-Main-6/INFO]: Preparing spawn area: 71%
[09:03:32] [Worker-Main-4/INFO]: Preparing spawn area: 71%
[09:03:32] [Worker-Main-4/INFO]: Preparing spawn area: 83%
[09:03:32] [Worker-Main-4/INFO]: Preparing spawn area: 86%
[09:03:34] [Worker-Main-6/INFO]: Preparing spawn area: 87%
[09:03:34] [Worker-Main-6/INFO]: Preparing spawn area: 87%
[09:03:34] [Worker-Main-4/INFO]: Preparing spawn area: 87%
[09:03:34] [Server thread/INFO]: Time elapsed: 26473 ms
[09:03:34] [Server thread/INFO]: Preparing start region for dimension minecraft:the_end
[09:03:34] [Worker-Main-5/INFO]: Preparing spawn area: 0%
[09:03:35] [Worker-Main-4/INFO]: Preparing spawn area: 0%
[09:03:35] [Worker-Main-4/INFO]: Preparing spawn area: 0%
[09:03:36] [Worker-Main-4/INFO]: Preparing spawn area: 6%
[09:03:36] [Worker-Main-4/INFO]: Preparing spawn area: 15%
[09:03:37] [Worker-Main-5/INFO]: Preparing spawn area: 33%
[09:03:37] [Worker-Main-5/INFO]: Preparing spawn area: 58%
[09:03:38] [Worker-Main-4/INFO]: Preparing spawn area: 86%
[09:03:38] [Server thread/INFO]: Time elapsed: 3762 ms
[09:03:38] [Server thread/INFO]: Done (126.262s)! For help, type "help"
[09:03:44] [Server thread/WARN]: Can't keep up! Is the server overloaded? Running 5249ms or 104 ticks behind
[09:03:58] [Server thread/INFO]: Stopping the server
[09:03:58] [Server thread/INFO]: Stopping server
[09:03:58] [Server thread/INFO]: Saving players
[09:03:59] [Server thread/INFO]: Saving worlds
[09:03:59] [Server thread/INFO]: Saving chunks for level 'ServerLevel[world]'/minecraft:overworld
[09:04:02] [Server thread/INFO]: Saving chunks for level 'ServerLevel[world_nether]'/minecraft:the_nether
[09:04:05] [Server thread/INFO]: Saving chunks for level 'ServerLevel[world_the_end]'/minecraft:the_end
[09:04:07] [Server thread/INFO]: ThreadedAnvilChunkStorage (world): All chunks are saved
[09:04:07] [Server thread/INFO]: ThreadedAnvilChunkStorage (DIM-1): All chunks are saved
[09:04:07] [Server thread/INFO]: ThreadedAnvilChunkStorage (DIM1): All chunks are saved
[09:04:07] [Server thread/INFO]: ThreadedAnvilChunkStorage: All dimensions are saved
